13:34:34 DEBUG org.testng.internal.Graph - [Graph] ADDING NODE TestBase.setUp()[pri:0, instance:null] 2045031788
13:34:34 DEBUG org.testng.internal.Graph - [Graph] ================ SORTING
13:34:34 DEBUG org.testng.internal.Graph - [Graph] =============== DONE SORTING
13:34:34 DEBUG org.testng.internal.Graph - [Graph] ====== SORTED NODES
13:34:34 DEBUG org.testng.internal.Graph - [Graph] ====== END SORTED NODES
13:34:34 DEBUG org.testng.internal.Graph - [Graph] ADDING NODE TestBase.tearDown()[pri:0, instance:null] -475375085
13:34:34 DEBUG org.testng.internal.Graph - [Graph] ================ SORTING
13:34:34 DEBUG org.testng.internal.Graph - [Graph] =============== DONE SORTING
13:34:34 DEBUG org.testng.internal.Graph - [Graph] ====== SORTED NODES
13:34:34 DEBUG org.testng.internal.Graph - [Graph] ====== END SORTED NODES
13:34:34 DEBUG org.testng.internal.Graph - [Graph] ADDING NODE Registration.precondition()[pri:0, instance:null] 633263741
13:34:34 DEBUG org.testng.internal.Graph - [Graph]   ADDING PREDECESSOR FOR Registration.precondition()[pri:0, instance:null] ==> TestBase.startTest(java.lang.reflect.Method)[pri:0, instance:null]
13:34:34 DEBUG org.testng.internal.Graph - [Graph]   REMOVED TestBase.startTest(java.lang.reflect.Method)[pri:0, instance:null] FROM INDEPENDENT OBJECTS
13:34:34 DEBUG org.testng.internal.Graph - [Graph] ADDING NODE TestBase.startTest(java.lang.reflect.Method)[pri:0, instance:null] -25821213
13:34:34 DEBUG org.testng.internal.Graph - [Graph] ================ SORTING
13:34:34 DEBUG org.testng.internal.Graph - [Graph]   ADDING PREDECESSOR FOR Registration.precondition()[pri:0, instance:null] ==> TestBase.startTest(java.lang.reflect.Method)[pri:0, instance:null]
13:34:34 DEBUG org.testng.internal.Graph - [Graph]   REMOVED PRED TestBase.startTest(java.lang.reflect.Method)[pri:0, instance:null] FROM NODE Registration.precondition()[pri:0, instance:null]
13:34:34 DEBUG org.testng.internal.Graph - [Graph] =============== DONE SORTING
13:34:34 DEBUG org.testng.internal.Graph - [Graph] ====== SORTED NODES
13:34:34 DEBUG org.testng.internal.Graph - [Graph]               TestBase.startTest(java.lang.reflect.Method)[pri:0, instance:null]
13:34:34 DEBUG org.testng.internal.Graph - [Graph]               Registration.precondition()[pri:0, instance:null]
13:34:34 DEBUG org.testng.internal.Graph - [Graph] ====== END SORTED NODES
13:34:34 DEBUG org.testng.internal.Graph - [Graph] ADDING NODE TestBase.stopTest(java.lang.reflect.Method)[pri:0, instance:null] 425028739
13:34:34 DEBUG org.testng.internal.Graph - [Graph] ================ SORTING
13:34:34 DEBUG org.testng.internal.Graph - [Graph] =============== DONE SORTING
13:34:34 DEBUG org.testng.internal.Graph - [Graph] ====== SORTED NODES
13:34:34 DEBUG org.testng.internal.Graph - [Graph] ====== END SORTED NODES
13:34:34 DEBUG org.testng.internal.Graph - [Graph] ADDING NODE TestBase.setUp()[pri:0, instance:tests.Registration@2898ac89] -347429731
13:34:34 DEBUG org.testng.internal.Graph - [Graph] ================ SORTING
13:34:34 DEBUG org.testng.internal.Graph - [Graph] =============== DONE SORTING
13:34:34 DEBUG org.testng.internal.Graph - [Graph] ====== SORTED NODES
13:34:34 DEBUG org.testng.internal.Graph - [Graph] ====== END SORTED NODES
13:34:34 DEBUG org.testng.internal.Graph - [Graph] ADDING NODE Registration.registrationTestSuccessFirstWay()[pri:0, instance:tests.Registration@2898ac89] -2053264103
13:34:34 DEBUG org.testng.internal.Graph - [Graph] ================ SORTING
13:34:34 DEBUG org.testng.internal.Graph - [Graph] =============== DONE SORTING
13:34:34 DEBUG org.testng.internal.Graph - [Graph] ====== SORTED NODES
13:34:34 DEBUG org.testng.internal.Graph - [Graph] ====== END SORTED NODES
13:34:34 DEBUG org.testng.internal.Graph - [Graph] ADDING NODE TestBase.tearDown()[pri:0, instance:tests.Registration@2898ac89] -1170631466
13:34:34 DEBUG org.testng.internal.Graph - [Graph] ================ SORTING
13:34:34 DEBUG org.testng.internal.Graph - [Graph] =============== DONE SORTING
13:34:34 DEBUG org.testng.internal.Graph - [Graph] ====== SORTED NODES
13:34:34 DEBUG org.testng.internal.Graph - [Graph] ====== END SORTED NODES
13:34:49 INFO  manager.ApplicationManager - Start test registrationTestSuccessFirstWay
13:34:56 INFO  manager.ApplicationManager - Stop test registrationTestSuccessFirstWay
