14:44:46 DEBUG org.testng.internal.Graph - [Graph] ADDING NODE TestBase.setUp()[pri:0, instance:null] 2045031788
14:44:46 DEBUG org.testng.internal.Graph - [Graph] ================ SORTING
14:44:46 DEBUG org.testng.internal.Graph - [Graph] =============== DONE SORTING
14:44:46 DEBUG org.testng.internal.Graph - [Graph] ====== SORTED NODES
14:44:46 DEBUG org.testng.internal.Graph - [Graph] ====== END SORTED NODES
14:44:46 DEBUG org.testng.internal.Graph - [Graph] ADDING NODE TestBase.tearDown()[pri:0, instance:null] -475375085
14:44:46 DEBUG org.testng.internal.Graph - [Graph] ================ SORTING
14:44:46 DEBUG org.testng.internal.Graph - [Graph] =============== DONE SORTING
14:44:46 DEBUG org.testng.internal.Graph - [Graph] ====== SORTED NODES
14:44:46 DEBUG org.testng.internal.Graph - [Graph] ====== END SORTED NODES
14:44:46 DEBUG org.testng.internal.Graph - [Graph] ADDING NODE Registration.precondition()[pri:0, instance:null] 633263741
14:44:46 DEBUG org.testng.internal.Graph - [Graph]   ADDING PREDECESSOR FOR Registration.precondition()[pri:0, instance:null] ==> TestBase.startTest(java.lang.reflect.Method)[pri:0, instance:null]
14:44:46 DEBUG org.testng.internal.Graph - [Graph]   REMOVED TestBase.startTest(java.lang.reflect.Method)[pri:0, instance:null] FROM INDEPENDENT OBJECTS
14:44:46 DEBUG org.testng.internal.Graph - [Graph] ADDING NODE TestBase.startTest(java.lang.reflect.Method)[pri:0, instance:null] -25821213
14:44:46 DEBUG org.testng.internal.Graph - [Graph] ================ SORTING
14:44:46 DEBUG org.testng.internal.Graph - [Graph]   ADDING PREDECESSOR FOR Registration.precondition()[pri:0, instance:null] ==> TestBase.startTest(java.lang.reflect.Method)[pri:0, instance:null]
14:44:46 DEBUG org.testng.internal.Graph - [Graph]   REMOVED PRED TestBase.startTest(java.lang.reflect.Method)[pri:0, instance:null] FROM NODE Registration.precondition()[pri:0, instance:null]
14:44:46 DEBUG org.testng.internal.Graph - [Graph] =============== DONE SORTING
14:44:46 DEBUG org.testng.internal.Graph - [Graph] ====== SORTED NODES
14:44:46 DEBUG org.testng.internal.Graph - [Graph]               TestBase.startTest(java.lang.reflect.Method)[pri:0, instance:null]
14:44:46 DEBUG org.testng.internal.Graph - [Graph]               Registration.precondition()[pri:0, instance:null]
14:44:46 DEBUG org.testng.internal.Graph - [Graph] ====== END SORTED NODES
14:44:46 DEBUG org.testng.internal.Graph - [Graph] ADDING NODE TestBase.stopTest(java.lang.reflect.Method)[pri:0, instance:null] 425028739
14:44:46 DEBUG org.testng.internal.Graph - [Graph] ================ SORTING
14:44:46 DEBUG org.testng.internal.Graph - [Graph] =============== DONE SORTING
14:44:46 DEBUG org.testng.internal.Graph - [Graph] ====== SORTED NODES
14:44:46 DEBUG org.testng.internal.Graph - [Graph] ====== END SORTED NODES
14:44:46 DEBUG org.testng.internal.Graph - [Graph] ADDING NODE TestBase.setUp()[pri:0, instance:tests.Registration@2898ac89] -347429731
14:44:46 DEBUG org.testng.internal.Graph - [Graph] ================ SORTING
14:44:46 DEBUG org.testng.internal.Graph - [Graph] =============== DONE SORTING
14:44:46 DEBUG org.testng.internal.Graph - [Graph] ====== SORTED NODES
14:44:46 DEBUG org.testng.internal.Graph - [Graph] ====== END SORTED NODES
14:44:46 DEBUG org.testng.internal.Graph - [Graph] ADDING NODE Registration.registrationTestSuccessSecondWay()[pri:0, instance:tests.Registration@2898ac89] 671982917
14:44:46 DEBUG org.testng.internal.Graph - [Graph] ADDING NODE Registration.registrationTestNegativeExistUser()[pri:0, instance:tests.Registration@2898ac89] -1995569594
14:44:46 DEBUG org.testng.internal.Graph - [Graph] ADDING NODE Registration.registrationTestSuccessFirstWay()[pri:0, instance:tests.Registration@2898ac89] -2053264103
14:44:46 DEBUG org.testng.internal.Graph - [Graph] ================ SORTING
14:44:46 DEBUG org.testng.internal.Graph - [Graph] =============== DONE SORTING
14:44:46 DEBUG org.testng.internal.Graph - [Graph] ====== SORTED NODES
14:44:46 DEBUG org.testng.internal.Graph - [Graph] ====== END SORTED NODES
14:44:46 DEBUG org.testng.internal.Graph - [Graph] ADDING NODE TestBase.tearDown()[pri:0, instance:tests.Registration@2898ac89] -1170631466
14:44:46 DEBUG org.testng.internal.Graph - [Graph] ================ SORTING
14:44:46 DEBUG org.testng.internal.Graph - [Graph] =============== DONE SORTING
14:44:46 DEBUG org.testng.internal.Graph - [Graph] ====== SORTED NODES
14:44:46 DEBUG org.testng.internal.Graph - [Graph] ====== END SORTED NODES
14:45:00 INFO  manager.ApplicationManager - Start test registrationTestNegativeExistUser
14:45:07 INFO  manager.ApplicationManager - Stop test registrationTestNegativeExistUser
