12:58:57 DEBUG org.testng.internal.Graph - [Graph] ADDING NODE TestBase.setUp()[pri:0, instance:null] 2045031788
12:58:57 DEBUG org.testng.internal.Graph - [Graph] ================ SORTING
12:58:57 DEBUG org.testng.internal.Graph - [Graph] =============== DONE SORTING
12:58:57 DEBUG org.testng.internal.Graph - [Graph] ====== SORTED NODES
12:58:57 DEBUG org.testng.internal.Graph - [Graph] ====== END SORTED NODES
12:58:57 DEBUG org.testng.internal.Graph - [Graph] ADDING NODE TestBase.tearDown()[pri:0, instance:null] -475375085
12:58:57 DEBUG org.testng.internal.Graph - [Graph] ================ SORTING
12:58:57 DEBUG org.testng.internal.Graph - [Graph] =============== DONE SORTING
12:58:57 DEBUG org.testng.internal.Graph - [Graph] ====== SORTED NODES
12:58:57 DEBUG org.testng.internal.Graph - [Graph] ====== END SORTED NODES
12:58:57 DEBUG org.testng.internal.Graph - [Graph] ADDING NODE Registration.precondition()[pri:0, instance:null] 633263741
12:58:57 DEBUG org.testng.internal.Graph - [Graph]   ADDING PREDECESSOR FOR Registration.precondition()[pri:0, instance:null] ==> TestBase.startTest(java.lang.reflect.Method)[pri:0, instance:null]
12:58:57 DEBUG org.testng.internal.Graph - [Graph]   REMOVED TestBase.startTest(java.lang.reflect.Method)[pri:0, instance:null] FROM INDEPENDENT OBJECTS
12:58:57 DEBUG org.testng.internal.Graph - [Graph] ADDING NODE TestBase.startTest(java.lang.reflect.Method)[pri:0, instance:null] -25821213
12:58:57 DEBUG org.testng.internal.Graph - [Graph] ================ SORTING
12:58:57 DEBUG org.testng.internal.Graph - [Graph]   ADDING PREDECESSOR FOR Registration.precondition()[pri:0, instance:null] ==> TestBase.startTest(java.lang.reflect.Method)[pri:0, instance:null]
12:58:57 DEBUG org.testng.internal.Graph - [Graph]   REMOVED PRED TestBase.startTest(java.lang.reflect.Method)[pri:0, instance:null] FROM NODE Registration.precondition()[pri:0, instance:null]
12:58:57 DEBUG org.testng.internal.Graph - [Graph] =============== DONE SORTING
12:58:57 DEBUG org.testng.internal.Graph - [Graph] ====== SORTED NODES
12:58:57 DEBUG org.testng.internal.Graph - [Graph]               TestBase.startTest(java.lang.reflect.Method)[pri:0, instance:null]
12:58:57 DEBUG org.testng.internal.Graph - [Graph]               Registration.precondition()[pri:0, instance:null]
12:58:57 DEBUG org.testng.internal.Graph - [Graph] ====== END SORTED NODES
12:58:57 DEBUG org.testng.internal.Graph - [Graph] ADDING NODE TestBase.stopTest(java.lang.reflect.Method)[pri:0, instance:null] 425028739
12:58:57 DEBUG org.testng.internal.Graph - [Graph] ================ SORTING
12:58:57 DEBUG org.testng.internal.Graph - [Graph] =============== DONE SORTING
12:58:57 DEBUG org.testng.internal.Graph - [Graph] ====== SORTED NODES
12:58:57 DEBUG org.testng.internal.Graph - [Graph] ====== END SORTED NODES
12:58:57 DEBUG org.testng.internal.Graph - [Graph] ADDING NODE TestBase.setUp()[pri:0, instance:tests.Registration@2898ac89] -347429731
12:58:57 DEBUG org.testng.internal.Graph - [Graph] ================ SORTING
12:58:57 DEBUG org.testng.internal.Graph - [Graph] =============== DONE SORTING
12:58:57 DEBUG org.testng.internal.Graph - [Graph] ====== SORTED NODES
12:58:57 DEBUG org.testng.internal.Graph - [Graph] ====== END SORTED NODES
12:58:57 DEBUG org.testng.internal.Graph - [Graph] ADDING NODE Registration.registrationTestSuccessFirstWay()[pri:0, instance:tests.Registration@2898ac89] -2053264103
12:58:57 DEBUG org.testng.internal.Graph - [Graph] ================ SORTING
12:58:57 DEBUG org.testng.internal.Graph - [Graph] =============== DONE SORTING
12:58:57 DEBUG org.testng.internal.Graph - [Graph] ====== SORTED NODES
12:58:57 DEBUG org.testng.internal.Graph - [Graph] ====== END SORTED NODES
12:58:57 DEBUG org.testng.internal.Graph - [Graph] ADDING NODE TestBase.tearDown()[pri:0, instance:tests.Registration@2898ac89] -1170631466
12:58:57 DEBUG org.testng.internal.Graph - [Graph] ================ SORTING
12:58:57 DEBUG org.testng.internal.Graph - [Graph] =============== DONE SORTING
12:58:57 DEBUG org.testng.internal.Graph - [Graph] ====== SORTED NODES
12:58:57 DEBUG org.testng.internal.Graph - [Graph] ====== END SORTED NODES
12:59:21 INFO  manager.ApplicationManager - Start test registrationTestSuccessFirstWay
12:59:33 INFO  manager.ApplicationManager - Stop test registrationTestSuccessFirstWay
